configuration:
vocab	False
vocab_size	20
layer	LSTM
per_sentence	True
optimizer	sgd
name	../modelresult/ptb_word_small_sentence
max_epoch	4
learning_rate	1
data_path	../data/testfolder
forget_bias	0
num_steps	4
batch_size	3
lr_decay	0.5
max_grad_norm	5
word_size	20
save_path	../modelresult
num_layers	2
max_max_epoch	3
dropout	0.7
init_scale	0.1
log	../log/ptb_word_small_sentence.log
Train/Model/embedding_lookup:0 ===============================22222222
[<tf.Output 'Train/Model/concat:0' shape=(3, 40) dtype=float32>, <tf.Output 'Train/Model/concat_1:0' shape=(3, 40) dtype=float32>, <tf.Output 'Train/Model/concat_2:0' shape=(3, 40) dtype=float32>, <tf.Output 'Train/Model/concat_3:0' shape=(3, 40) dtype=float32>]
Valid/Model/embedding_lookup:0 ===============================22222222
[<tf.Output 'Valid/Model/concat:0' shape=(3, 40) dtype=float32>, <tf.Output 'Valid/Model/concat_1:0' shape=(3, 40) dtype=float32>, <tf.Output 'Valid/Model/concat_2:0' shape=(3, 40) dtype=float32>, <tf.Output 'Valid/Model/concat_3:0' shape=(3, 40) dtype=float32>]
Test/Model/embedding_lookup:0 ===============================22222222
[<tf.Output 'Test/Model/concat:0' shape=(1, 40) dtype=float32>]
Epoch: 1 Learning rate: 1.000
============================================
============================================
============================================
============================================
============================================
============================================
============================================
============================================
============================================
============================================
============================================
============================================
============================================
============================================
============================================
============================================
============================================
============================================
============================================
============================================
============================================
============================================
============================================
============================================
============================================
============================================
============================================
============================================
============================================
============================================
============================================
============================================
============================================
============================================
============================================
============================================
============================================
============================================
============================================
============================================
============================================
============================================
============================================
============================================
============================================
============================================
============================================
============================================
============================================
============================================
============================================
============================================
============================================
============================================
============================================
============================================
============================================
============================================
============================================
============================================
============================================
============================================
============================================
============================================
============================================
============================================
============================================
============================================
============================================
============================================
============================================
============================================
============================================
============================================
============================================
============================================
============================================
============================================
============================================
============================================
============================================
============================================
============================================
============================================
============================================
============================================
============================================
============================================
============================================
============================================
============================================
============================================
============================================
============================================
============================================
============================================
============================================
============================================
============================================
============================================
============================================
============================================
============================================
============================================
============================================
============================================
============================================
============================================
============================================
============================================
============================================
============================================
============================================
============================================
============================================
============================================
============================================
============================================
============================================
============================================
============================================
============================================
============================================
============================================
============================================
============================================
============================================
============================================
============================================
============================================
============================================
============================================
============================================
============================================
============================================
============================================
============================================
============================================
============================================
============================================
============================================
============================================
============================================
============================================
============================================
============================================
============================================
============================================
Epoch: 1 Train Perplexity: 1.009
============================================
============================================
============================================
============================================
============================================
============================================
============================================
============================================
============================================
============================================
============================================
============================================
============================================
============================================
Epoch: 1 Valid Perplexity: 1.109
Epoch: 2 Learning rate: 1.000
============================================
============================================
============================================
============================================
============================================
============================================
============================================
============================================
============================================
============================================
============================================
============================================
============================================
============================================
============================================
============================================
============================================
============================================
============================================
============================================
============================================
============================================
============================================
============================================
============================================
============================================
============================================
============================================
============================================
============================================
============================================
============================================
============================================
============================================
============================================
============================================
============================================
============================================
============================================
============================================
============================================
============================================
============================================
============================================
============================================
============================================
============================================
============================================
============================================
============================================
============================================
============================================
============================================
============================================
============================================
============================================
============================================
============================================
============================================
============================================
============================================
============================================
============================================
============================================
============================================
============================================
============================================
============================================
============================================
============================================
============================================
============================================
============================================
============================================
============================================
============================================
============================================
============================================
============================================
============================================
============================================
============================================
============================================
============================================
============================================
============================================
============================================
============================================
============================================
============================================
============================================
============================================
============================================
============================================
============================================
============================================
============================================
============================================
============================================
============================================
============================================
============================================
============================================
============================================
============================================
============================================
============================================
============================================
============================================
============================================
============================================
============================================
============================================
============================================
============================================
============================================
============================================
============================================
============================================
============================================
============================================
============================================
============================================
============================================
============================================
============================================
============================================
============================================
============================================
============================================
============================================
============================================
============================================
============================================
============================================
============================================
============================================
============================================
============================================
============================================
============================================
============================================
============================================
============================================
============================================
============================================
============================================
============================================
Epoch: 2 Train Perplexity: 1.004
============================================
============================================
============================================
============================================
============================================
============================================
============================================
============================================
============================================
============================================
============================================
============================================
============================================
============================================
Epoch: 2 Valid Perplexity: 1.105
Epoch: 3 Learning rate: 1.000
============================================
============================================
============================================
============================================
============================================
============================================
============================================
============================================
============================================
============================================
============================================
============================================
============================================
============================================
============================================
============================================
============================================
============================================
============================================
============================================
============================================
============================================
============================================
============================================
============================================
============================================
============================================
============================================
============================================
============================================
============================================
============================================
============================================
============================================
============================================
============================================
============================================
============================================
============================================
============================================
============================================
============================================
============================================
============================================
============================================
============================================
============================================
============================================
============================================
============================================
============================================
============================================
============================================
============================================
============================================
============================================
============================================
============================================
============================================
============================================
============================================
============================================
============================================
============================================
============================================
============================================
============================================
============================================
============================================
============================================
============================================
============================================
============================================
============================================
============================================
============================================
============================================
============================================
============================================
============================================
============================================
============================================
============================================
============================================
============================================
============================================
============================================
============================================
============================================
============================================
============================================
============================================
============================================
============================================
============================================
============================================
============================================
============================================
============================================
============================================
============================================
============================================
============================================
============================================
============================================
============================================
============================================
============================================
============================================
============================================
============================================
============================================
============================================
============================================
============================================
============================================
============================================
============================================
============================================
============================================
============================================
============================================
============================================
============================================
============================================
============================================
============================================
============================================
============================================
============================================
============================================
============================================
============================================
============================================
============================================
============================================
============================================
============================================
============================================
============================================
============================================
============================================
============================================
============================================
============================================
============================================
============================================
============================================
Epoch: 3 Train Perplexity: 1.007
============================================
============================================
============================================
============================================
============================================
============================================
============================================
============================================
============================================
============================================
============================================
============================================
============================================
============================================
Epoch: 3 Valid Perplexity: 1.102
============================================
============================================
============================================
============================================
============================================
============================================
============================================
============================================
============================================
============================================
============================================
============================================
============================================
============================================
============================================
============================================
============================================
============================================
============================================
============================================
============================================
============================================
============================================
============================================
============================================
============================================
============================================
============================================
============================================
============================================
============================================
============================================
============================================
============================================
============================================
============================================
============================================
============================================
============================================
============================================
============================================
============================================
============================================
============================================
============================================
============================================
============================================
============================================
============================================
============================================
============================================
============================================
============================================
============================================
============================================
============================================
============================================
============================================
============================================
============================================
============================================
============================================
============================================
============================================
============================================
============================================
============================================
============================================
============================================
============================================
Test Perplexity: 1.373
saving final model to ../modelresult/ptb_word_small_sentence.final
